<?xml version="1.0" encoding="UTF-8"?>
<!-- Generated by org.testng.reporters.JUnitReportReporter -->
<testsuite skipped="0" hostname="DESKTOP-CKDDSID" name="rough.CreateAccountTest" tests="1" failures="0" timestamp="27 Jun 2020 12:01:17 GMT" time="15.497" errors="0">
  <testcase name="createAccountTest" time="15.497" classname="rough.CreateAccountTest"/>
</testsuite> <!-- rough.CreateAccountTest -->
