<?xml version="1.0" encoding="UTF-8"?>
<!-- Generated by org.testng.reporters.JUnitReportReporter -->
<testsuite skipped="0" hostname="DESKTOP-CKDDSID" name="rough.LoginTest" tests="1" failures="0" timestamp="27 Jun 2020 12:01:17 GMT" time="22.938" errors="0">
  <testcase name="loginTest" time="22.938" classname="rough.LoginTest"/>
</testsuite> <!-- rough.LoginTest -->
